[GIN] 2018/01/09 - 10:19:22 | 200 |      1.4978ms |             ::1 | GET      /api/user/super_admin
[GIN] 2018/01/09 - 10:21:38 | 200 |      1.0008ms |             ::1 | GET      /api/user/super_admin
[GIN] 2018/01/09 - 10:21:43 | 200 |            0s |             ::1 | OPTIONS  /api/auth/signin
[GIN] 2018/01/09 - 10:21:43 | 200 |      85.541ms |             ::1 | POST     /api/auth/signin
[GIN] 2018/01/09 - 10:21:47 | 200 |      2.1439ms |             ::1 | GET      /api/service/tool/list?access_token=k_IP1U8nkFX0pHRaDHOYPbjOMYriK2aDfEQ8nDkYSqOv0UiA4Ca7Mp0jUi4PD2m3A4Rry5LljS9TiQFUd1
[GIN] 2018/01/09 - 10:21:47 | 200 |      4.0016ms |             ::1 | GET      /api/service/list?access_token=k_IP1U8nkFX0pHRaDHOYPbjOMYriK2aDfEQ8nDkYSqOv0UiA4Ca7Mp0jUi4PD2m3A4Rry5LljS9TiQFUd1
[GIN] 2018/01/09 - 10:22:11 | 200 |       999.7µs |             ::1 | GET      /api/service/tool/list?access_token=k_IP1U8nkFX0pHRaDHOYPbjOMYriK2aDfEQ8nDkYSqOv0UiA4Ca7Mp0jUi4PD2m3A4Rry5LljS9TiQFUd1
[GIN] 2018/01/09 - 10:22:11 | 200 |      2.0005ms |             ::1 | GET      /api/service/list?access_token=k_IP1U8nkFX0pHRaDHOYPbjOMYriK2aDfEQ8nDkYSqOv0UiA4Ca7Mp0jUi4PD2m3A4Rry5LljS9TiQFUd1
[GIN] 2018/01/09 - 10:22:21 | 200 |            0s |             ::1 | GET      /api/service/tool/list?access_token=k_IP1U8nkFX0pHRaDHOYPbjOMYriK2aDfEQ8nDkYSqOv0UiA4Ca7Mp0jUi4PD2m3A4Rry5LljS9TiQFUd1
[GIN] 2018/01/09 - 10:22:21 | 200 |       999.3µs |             ::1 | GET      /api/service/list?access_token=k_IP1U8nkFX0pHRaDHOYPbjOMYriK2aDfEQ8nDkYSqOv0UiA4Ca7Mp0jUi4PD2m3A4Rry5LljS9TiQFUd1
[GIN] 2018/01/09 - 10:22:42 | 200 |            0s |             ::1 | GET      /api/service/tool/list?access_token=k_IP1U8nkFX0pHRaDHOYPbjOMYriK2aDfEQ8nDkYSqOv0UiA4Ca7Mp0jUi4PD2m3A4Rry5LljS9TiQFUd1
[GIN] 2018/01/09 - 10:22:42 | 200 |      1.0001ms |             ::1 | GET      /api/service/list?access_token=k_IP1U8nkFX0pHRaDHOYPbjOMYriK2aDfEQ8nDkYSqOv0UiA4Ca7Mp0jUi4PD2m3A4Rry5LljS9TiQFUd1
[GIN] 2018/01/09 - 10:22:51 | 200 |      1.0025ms |             ::1 | GET      /api/service/tool/list?access_token=k_IP1U8nkFX0pHRaDHOYPbjOMYriK2aDfEQ8nDkYSqOv0UiA4Ca7Mp0jUi4PD2m3A4Rry5LljS9TiQFUd1
[GIN] 2018/01/09 - 10:22:51 | 200 |      1.0018ms |             ::1 | GET      /api/service/list?access_token=k_IP1U8nkFX0pHRaDHOYPbjOMYriK2aDfEQ8nDkYSqOv0UiA4Ca7Mp0jUi4PD2m3A4Rry5LljS9TiQFUd1
[GIN] 2018/01/09 - 10:22:56 | 200 |            0s |             ::1 | OPTIONS  /api/service/tool/create?access_token=k_IP1U8nkFX0pHRaDHOYPbjOMYriK2aDfEQ8nDkYSqOv0UiA4Ca7Mp0jUi4PD2m3A4Rry5LljS9TiQFUd1
[GIN] 2018/01/09 - 10:22:56 | 200 |       998.6µs |             ::1 | POST     /api/service/tool/create?access_token=k_IP1U8nkFX0pHRaDHOYPbjOMYriK2aDfEQ8nDkYSqOv0UiA4Ca7Mp0jUi4PD2m3A4Rry5LljS9TiQFUd1
[GIN] 2018/01/09 - 10:23:23 | 200 |            0s |             ::1 | GET      /api/service/tool/list?access_token=k_IP1U8nkFX0pHRaDHOYPbjOMYriK2aDfEQ8nDkYSqOv0UiA4Ca7Mp0jUi4PD2m3A4Rry5LljS9TiQFUd1
[GIN] 2018/01/09 - 10:23:23 | 200 |      1.0011ms |             ::1 | GET      /api/service/list?access_token=k_IP1U8nkFX0pHRaDHOYPbjOMYriK2aDfEQ8nDkYSqOv0UiA4Ca7Mp0jUi4PD2m3A4Rry5LljS9TiQFUd1
[GIN] 2018/01/09 - 10:24:40 | 200 |      1.0025ms |             ::1 | GET      /api/service/tool/list?access_token=k_IP1U8nkFX0pHRaDHOYPbjOMYriK2aDfEQ8nDkYSqOv0UiA4Ca7Mp0jUi4PD2m3A4Rry5LljS9TiQFUd1
[GIN] 2018/01/09 - 10:24:40 | 200 |      2.5046ms |             ::1 | GET      /api/service/list?access_token=k_IP1U8nkFX0pHRaDHOYPbjOMYriK2aDfEQ8nDkYSqOv0UiA4Ca7Mp0jUi4PD2m3A4Rry5LljS9TiQFUd1
[GIN] 2018/01/09 - 10:26:21 | 200 |            0s |             ::1 | GET      /api/service/tool/list?access_token=k_IP1U8nkFX0pHRaDHOYPbjOMYriK2aDfEQ8nDkYSqOv0UiA4Ca7Mp0jUi4PD2m3A4Rry5LljS9TiQFUd1
[GIN] 2018/01/09 - 10:26:21 | 200 |      1.0001ms |             ::1 | GET      /api/service/list?access_token=k_IP1U8nkFX0pHRaDHOYPbjOMYriK2aDfEQ8nDkYSqOv0UiA4Ca7Mp0jUi4PD2m3A4Rry5LljS9TiQFUd1
[GIN] 2018/01/09 - 10:27:45 | 200 |      1.0011ms |             ::1 | GET      /api/service/tool/list?access_token=k_IP1U8nkFX0pHRaDHOYPbjOMYriK2aDfEQ8nDkYSqOv0UiA4Ca7Mp0jUi4PD2m3A4Rry5LljS9TiQFUd1
[GIN] 2018/01/09 - 10:27:45 | 200 |       1.502ms |             ::1 | GET      /api/service/list?access_token=k_IP1U8nkFX0pHRaDHOYPbjOMYriK2aDfEQ8nDkYSqOv0UiA4Ca7Mp0jUi4PD2m3A4Rry5LljS9TiQFUd1
[GIN] 2018/01/09 - 10:28:45 | 200 |           1ms |             ::1 | GET      /api/service/tool/list?access_token=k_IP1U8nkFX0pHRaDHOYPbjOMYriK2aDfEQ8nDkYSqOv0UiA4Ca7Mp0jUi4PD2m3A4Rry5LljS9TiQFUd1
[GIN] 2018/01/09 - 10:28:45 | 200 |      2.0019ms |             ::1 | GET      /api/service/list?access_token=k_IP1U8nkFX0pHRaDHOYPbjOMYriK2aDfEQ8nDkYSqOv0UiA4Ca7Mp0jUi4PD2m3A4Rry5LljS9TiQFUd1
[GIN] 2018/01/09 - 10:29:46 | 200 |      1.5031ms |             ::1 | GET      /api/service/tool/list?access_token=k_IP1U8nkFX0pHRaDHOYPbjOMYriK2aDfEQ8nDkYSqOv0UiA4Ca7Mp0jUi4PD2m3A4Rry5LljS9TiQFUd1
[GIN] 2018/01/09 - 10:29:46 | 200 |      2.0036ms |             ::1 | GET      /api/service/list?access_token=k_IP1U8nkFX0pHRaDHOYPbjOMYriK2aDfEQ8nDkYSqOv0UiA4Ca7Mp0jUi4PD2m3A4Rry5LljS9TiQFUd1
[GIN] 2018/01/09 - 10:29:55 | 200 |      1.0015ms |             ::1 | GET      /api/service/tool/list?access_token=k_IP1U8nkFX0pHRaDHOYPbjOMYriK2aDfEQ8nDkYSqOv0UiA4Ca7Mp0jUi4PD2m3A4Rry5LljS9TiQFUd1
[GIN] 2018/01/09 - 10:29:55 | 200 |      1.5024ms |             ::1 | GET      /api/service/list?access_token=k_IP1U8nkFX0pHRaDHOYPbjOMYriK2aDfEQ8nDkYSqOv0UiA4Ca7Mp0jUi4PD2m3A4Rry5LljS9TiQFUd1
[GIN] 2018/01/09 - 10:41:09 | 200 |      1.0004ms |             ::1 | GET      /api/service/tool/list?access_token=k_IP1U8nkFX0pHRaDHOYPbjOMYriK2aDfEQ8nDkYSqOv0UiA4Ca7Mp0jUi4PD2m3A4Rry5LljS9TiQFUd1
[GIN] 2018/01/09 - 10:41:09 | 200 |      1.0007ms |             ::1 | GET      /api/service/list?access_token=k_IP1U8nkFX0pHRaDHOYPbjOMYriK2aDfEQ8nDkYSqOv0UiA4Ca7Mp0jUi4PD2m3A4Rry5LljS9TiQFUd1
[GIN] 2018/01/09 - 10:44:47 | 200 |      1.0015ms |             ::1 | GET      /api/service/tool/list?access_token=k_IP1U8nkFX0pHRaDHOYPbjOMYriK2aDfEQ8nDkYSqOv0UiA4Ca7Mp0jUi4PD2m3A4Rry5LljS9TiQFUd1
[GIN] 2018/01/09 - 10:44:47 | 200 |      2.0008ms |             ::1 | GET      /api/service/list?access_token=k_IP1U8nkFX0pHRaDHOYPbjOMYriK2aDfEQ8nDkYSqOv0UiA4Ca7Mp0jUi4PD2m3A4Rry5LljS9TiQFUd1
[GIN] 2018/01/09 - 10:45:40 | 200 |       999.7µs |             ::1 | GET      /api/service/tool/list?access_token=k_IP1U8nkFX0pHRaDHOYPbjOMYriK2aDfEQ8nDkYSqOv0UiA4Ca7Mp0jUi4PD2m3A4Rry5LljS9TiQFUd1
[GIN] 2018/01/09 - 10:45:40 | 200 |      1.0008ms |             ::1 | GET      /api/service/list?access_token=k_IP1U8nkFX0pHRaDHOYPbjOMYriK2aDfEQ8nDkYSqOv0UiA4Ca7Mp0jUi4PD2m3A4Rry5LljS9TiQFUd1
[GIN] 2018/01/09 - 11:26:19 | 200 |            0s |             ::1 | OPTIONS  /api/service/tool/create?access_token=k_IP1U8nkFX0pHRaDHOYPbjOMYriK2aDfEQ8nDkYSqOv0UiA4Ca7Mp0jUi4PD2m3A4Rry5LljS9TiQFUd1
[GIN] 2018/01/09 - 11:26:19 | 200 |      5.0024ms |             ::1 | POST     /api/service/tool/create?access_token=k_IP1U8nkFX0pHRaDHOYPbjOMYriK2aDfEQ8nDkYSqOv0UiA4Ca7Mp0jUi4PD2m3A4Rry5LljS9TiQFUd1
[GIN] 2018/01/09 - 11:26:35 | 200 |       999.7µs |             ::1 | GET      /api/user/super_admin
[GIN] 2018/01/09 - 11:26:39 | 200 |            0s |             ::1 | OPTIONS  /api/auth/signin
[GIN] 2018/01/09 - 11:26:39 | 200 |     82.5398ms |             ::1 | POST     /api/auth/signin
[GIN] 2018/01/09 - 11:26:46 | 200 |       998.9µs |             ::1 | GET      /api/user/super_admin
[GIN] 2018/01/09 - 11:28:10 | 404 |            0s |             ::1 | GET      /index.html
[GIN] 2018/01/09 - 11:28:14 | 404 |            0s |             ::1 | GET      /login.html
[GIN] 2018/01/09 - 11:29:20 | 200 |            0s |             ::1 | GET      /api/user/super_admin
